[INFO  Thu 27 Mar 2025 01:34:57 PM WIB] ...e/nvim/lazy/mason.nvim/lua/mason-core/installer/init.lua:184: Executing installer for Package(name=typescript-language-server) {}
[INFO  Thu 27 Mar 2025 01:35:08 PM WIB] ...e/nvim/lazy/mason.nvim/lua/mason-core/installer/init.lua:245: Installation succeeded for Package(name=typescript-language-server)
[INFO  Thu 27 Mar 2025 01:35:49 PM WIB] ...e/nvim/lazy/mason.nvim/lua/mason-core/installer/init.lua:184: Executing installer for Package(name=gopls) {}
[INFO  Thu 27 Mar 2025 01:35:56 PM WIB] ...e/nvim/lazy/mason.nvim/lua/mason-core/installer/init.lua:245: Installation succeeded for Package(name=gopls)
[INFO  Thu 27 Mar 2025 01:35:59 PM WIB] ...e/nvim/lazy/mason.nvim/lua/mason-core/installer/init.lua:184: Executing installer for Package(name=lua-language-server) {}
[INFO  Thu 27 Mar 2025 01:36:05 PM WIB] ...e/nvim/lazy/mason.nvim/lua/mason-core/installer/init.lua:245: Installation succeeded for Package(name=lua-language-server)
[INFO  Thu 27 Mar 2025 01:36:07 PM WIB] ...e/nvim/lazy/mason.nvim/lua/mason-core/installer/init.lua:184: Executing installer for Package(name=vim-language-server) {}
[INFO  Thu 27 Mar 2025 01:36:11 PM WIB] ...e/nvim/lazy/mason.nvim/lua/mason-core/installer/init.lua:245: Installation succeeded for Package(name=vim-language-server)
[INFO  Thu 27 Mar 2025 01:36:50 PM WIB] ...e/nvim/lazy/mason.nvim/lua/mason-core/installer/init.lua:184: Executing installer for Package(name=luaformatter) {}
[INFO  Thu 27 Mar 2025 01:37:13 PM WIB] ...e/nvim/lazy/mason.nvim/lua/mason-core/installer/init.lua:184: Executing installer for Package(name=goimports) {}
[INFO  Thu 27 Mar 2025 01:37:27 PM WIB] ...e/nvim/lazy/mason.nvim/lua/mason-core/installer/init.lua:245: Installation succeeded for Package(name=goimports)
[INFO  Thu 27 Mar 2025 01:37:37 PM WIB] ...e/nvim/lazy/mason.nvim/lua/mason-core/installer/init.lua:184: Executing installer for Package(name=ts-standard) {}
[ERROR Thu 27 Mar 2025 01:41:20 PM WIB] ...e/nvim/lazy/mason.nvim/lua/mason-core/installer/init.lua:249: Installation failed for Package(name=luaformatter) error="Installation was aborted."
[ERROR Thu 27 Mar 2025 01:41:20 PM WIB] ...e/nvim/lazy/mason.nvim/lua/mason-core/installer/init.lua:249: Installation failed for Package(name=ts-standard) error="Installation was aborted."
[INFO  Thu 27 Mar 2025 01:43:05 PM WIB] ...e/nvim/lazy/mason.nvim/lua/mason-core/installer/init.lua:184: Executing installer for Package(name=luaformatter) {}
[ERROR Thu 27 Mar 2025 01:49:06 PM WIB] ...e/nvim/lazy/mason.nvim/lua/mason-core/installer/init.lua:249: Installation failed for Package(name=luaformatter) error=spawn: luarocks failed with exit code 1 and signal 0. 
[INFO  Thu 27 Mar 2025 01:49:27 PM WIB] ...e/nvim/lazy/mason.nvim/lua/mason-core/installer/init.lua:184: Executing installer for Package(name=luaformatter) {}
[ERROR Thu 27 Mar 2025 01:55:37 PM WIB] ...e/nvim/lazy/mason.nvim/lua/mason-core/installer/init.lua:249: Installation failed for Package(name=luaformatter) error=spawn: luarocks failed with exit code 1 and signal 0. 
[INFO  Thu 27 Mar 2025 01:56:08 PM WIB] ...e/nvim/lazy/mason.nvim/lua/mason-core/installer/init.lua:184: Executing installer for Package(name=ts-standard) {}
[INFO  Thu 27 Mar 2025 01:57:55 PM WIB] ...e/nvim/lazy/mason.nvim/lua/mason-core/installer/init.lua:245: Installation succeeded for Package(name=ts-standard)
[INFO  Thu 27 Mar 2025 01:59:20 PM WIB] ...e/nvim/lazy/mason.nvim/lua/mason-core/installer/init.lua:184: Executing installer for Package(name=prettier) {}
[INFO  Thu 27 Mar 2025 01:59:25 PM WIB] ...e/nvim/lazy/mason.nvim/lua/mason-core/installer/init.lua:245: Installation succeeded for Package(name=prettier)
